<?xml version="1.0" encoding="utf-8"?><testsuites name="pytest tests"><testsuite name="pytest" errors="1" failures="3" skipped="0" tests="472" time="14.428" timestamp="2026-09-20T22:18:52.287864+00:00" hostname="localhost"><testcase classname="" name="tests.test_v446_correction_actions" time="0.000"><error message="collection failure">ImportError while importing test module '/mnt/data/real_qualification/workspace/tests/test_v446_correction_actions.py'.
Hint: make sure your test modules/packages have valid Python names.
Traceback:
/usr/lib/python3.13/importlib/__init__.py:88: in import_module
    return _bootstrap._gcd_import(name[level:], package, level)
           ^^^^^^^^^^^^^^^^^^^^^^^^^^^^^^^^^^^^^^^^^^^^^^^^^^^^
tests/test_v446_correction_actions.py:13: in &lt;module&gt;
    from app.api.students import update_level, deactivate_level, update_class, deactivate_class
app/api/students.py:9: in &lt;module&gt;
    from app.deps import get_current_user, require_permission
app/deps.py:6: in &lt;module&gt;
    from app.core.security import decode_token
app/core/security.py:5: in &lt;module&gt;
    from jose import jwt, JWTError
E   ModuleNotFoundError: No module named 'jose'</error></testcase><testcase classname="tests.test_academic_configuration" name="test_academic_configuration_endpoints_present" time="0.021" /><testcase classname="tests.test_academic_configuration" name="test_academic_page_exposes_configuration_workflow" time="0.000" /><testcase classname="tests.test_academic_configuration" name="test_subject_endpoints_are_school_scoped" time="0.000" /><testcase classname="tests.test_backup_service" name="test_backup_service_is_present" time="0.000" /><testcase classname="tests.test_backup_service" name="test_backup_archive_is_safe_filename" time="0.000" /><testcase classname="tests.test_backup_v218" name="test_backup_manifest_has_sha256_and_size" time="0.004" /><testcase classname="tests.test_backup_v218" name="test_backup_detects_tampering" time="0.002" /><testcase classname="tests.test_backup_v218" name="test_restore_backup_to_isolated_directory" time="0.003" /><testcase classname="tests.test_backup_v218" name="test_restore_rejects_non_empty_target" time="0.003" /><testcase classname="tests.test_backup_v220" name="test_prepare_restore_creates_safety_backup_and_pending_plan" time="0.003" /><testcase classname="tests.test_backup_v220" name="test_prepare_restore_rejects_second_pending_plan" time="0.002" /><testcase classname="tests.test_backup_v220" name="test_apply_pending_restore_replaces_database_and_cleans_plan" time="0.006" /><testcase classname="tests.test_backup_v220" name="test_validate_backup_rejects_path_traversal" time="0.001" /><testcase classname="tests.test_badge_v35" name="test_badge_lifecycle_fields_and_migration" time="0.000" /><testcase classname="tests.test_badge_v35" name="test_badge_engine_is_opaque_and_supports_strategies" time="0.000" /><testcase classname="tests.test_badge_v35" name="test_badge_api_supports_bulk_and_verification" time="0.000" /><testcase classname="tests.test_badge_v35" name="test_badge_pdf_is_ten_up_a4" time="0.000" /><testcase classname="tests.test_badge_v35" name="test_badge_ui_exposes_bulk_a4" time="0.000" /><testcase classname="tests.test_client_updater_v226" name="test_manifest_rejects_non_https" time="0.001" /><testcase classname="tests.test_client_updater_v226" name="test_update_verifies_hash_and_installs" time="0.002" /><testcase classname="tests.test_client_updater_v226" name="test_update_rejects_tampered_package" time="0.002" /><testcase classname="tests.test_compatibility_v225" name="test_version_parsing" time="0.000" /><testcase classname="tests.test_compatibility_v225" name="test_supported_older_client" time="0.000" /><testcase classname="tests.test_compatibility_v225" name="test_minimum_supported_client" time="0.000" /><testcase classname="tests.test_compatibility_v225" name="test_future_client_blocked" time="0.000" /><testcase classname="tests.test_compatibility_v225" name="test_major_mismatch_blocked" time="0.000" /><testcase classname="tests.test_compatibility_v225" name="test_api_and_client_hooks_present" time="0.000" /><testcase classname="tests.test_compatibility_v225" name="test_device_listing_exposes_compatibility" time="0.000" /><testcase classname="tests.test_connect_310" name="test_connect_models_are_registered" time="0.000" /><testcase classname="tests.test_connect_310" name="test_template_rendering" time="0.000" /><testcase classname="tests.test_deployment_v223" name="test_version_bumped_everywhere" time="0.000" /><testcase classname="tests.test_deployment_v223" name="test_windows_build_is_explicitly_windows_only" time="0.000" /><testcase classname="tests.test_deployment_v223" name="test_pyinstaller_build_does_not_require_upx" time="0.000" /><testcase classname="tests.test_deployment_v223" name="test_installer_targets_service_executable" time="0.000" /><testcase classname="tests.test_documents_v1" name="test_document_routes_exist" time="0.000" /><testcase classname="tests.test_documents_v1" name="test_pdf_generators_exist" time="0.000" /><testcase classname="tests.test_documents_v1" name="test_ui_exposes_dossier_pdf" time="0.000" /><testcase classname="tests.test_documents_v3" name="test_document_job_model_and_migration" time="0.000" /><testcase classname="tests.test_documents_v3" name="test_bulk_bulletin_export_is_async_and_trackable" time="0.000" /><testcase classname="tests.test_documents_v3" name="test_class_bulletin_search_supports_name_and_matricule" time="0.000" /><testcase classname="tests.test_enrollment_family" name="test_enrollment_and_family_endpoints_present" time="0.000" /><testcase classname="tests.test_enrollment_family" name="test_student_model_preserves_historical_memberships" time="0.000" /><testcase classname="tests.test_evaluation_engine_v12" name="test_evaluation_activity_integrity_guards" time="0.000" /><testcase classname="tests.test_evaluation_engine_v12" name="test_class_period_summary_endpoint_present" time="0.000" /><testcase classname="tests.test_evaluation_engine_v12" name="test_release_version_bumped" time="0.000" /><testcase classname="tests.test_evaluation_engine_v13" name="test_v13_state_machine_and_calculation_helpers" time="0.000" /><testcase classname="tests.test_evaluation_engine_v13" name="test_v13_api_workflow_and_appreciation_routes" time="0.000" /><testcase classname="tests.test_evaluation_engine_v13" name="test_v13_model_rules" time="0.000" /><testcase classname="tests.test_evaluation_engine_v14" name="test_v14_bulletin_engine_and_version" time="0.000" /><testcase classname="tests.test_evaluation_engine_v14" name="test_v14_bulletin_excludes_unvalidated_results" time="0.000" /><testcase classname="tests.test_evaluation_engine_v15" name="test_v15_bulletin_pdf_route_and_engine" time="0.000" /><testcase classname="tests.test_evaluation_engine_v15" name="test_v15_bulletin_contains_subject_and_competency_sections" time="0.000" /><testcase classname="tests.test_evaluation_engine_v16" name="test_v16_period_closure_and_publication_routes" time="0.000" /><testcase classname="tests.test_evaluation_engine_v16" name="test_v16_closure_blocks_late_result_edits" time="0.000" /><testcase classname="tests.test_evaluation_engine_v16" name="test_v16_report_card_persistence_and_ranking" time="0.000" /><testcase classname="tests.test_finance_v3" name="test_finance_v3_model_and_migration_present" time="0.000" /><testcase classname="tests.test_finance_v3" name="test_payment_amount_guard_and_double_count_fix" time="0.000" /><testcase classname="tests.test_h4_security_reliability" name="test_client_updater_rejects_zip_traversal" time="0.002" /><testcase classname="tests.test_h4_security_reliability" name="test_update_agent_rejects_plain_http" time="0.000" /><testcase classname="tests.test_h4_security_reliability" name="test_rate_limiter_bounds_keys_and_enforces_limit" time="0.006" /><testcase classname="tests.test_h4_security_reliability" name="test_update_lock_recovers_dead_process_lock" time="0.001" /><testcase classname="tests.test_offline_client_v27" name="test_v27_persistent_outbox_and_idempotence" time="0.003" /><testcase classname="tests.test_offline_client_v27" name="test_v27_result_conflict_and_resolution" time="0.003" /><testcase classname="tests.test_offline_client_v27" name="test_v27_pull_is_durable_and_idempotent" time="0.002" /><testcase classname="tests.test_offline_client_v27" name="test_v27_identity_and_summary" time="0.019" /><testcase classname="tests.test_offline_evaluations_v213" name="test_version_bumped_everywhere" time="0.000" /><testcase classname="tests.test_offline_evaluations_v213" name="test_indexeddb_v2_has_normalized_entity_store" time="0.000" /><testcase classname="tests.test_offline_evaluations_v213" name="test_grade_store_and_local_validation_exist" time="0.000" /><testcase classname="tests.test_offline_evaluations_v213" name="test_evaluation_ui_hydrates_and_reads_local_cache" time="0.000" /><testcase classname="tests.test_offline_evaluations_v213" name="test_offline_save_uses_structured_grade_batch" time="0.000" /><testcase classname="tests.test_offline_evaluations_v213" name="test_grade_cache_merges_without_losing_student_metadata" time="0.000" /><testcase classname="tests.test_offline_evaluations_v213" name="test_offline_grade_batches_are_coalesced_per_assessment" time="0.000" /><testcase classname="tests.test_p1_xss_runtime" name="test_sigma_escape_and_css_guards_against_xss_payloads" time="0.030" /><testcase classname="tests.test_p1_xss_static" name="test_no_dangerous_dynamic_json_inline_handlers" time="0.004" /><testcase classname="tests.test_p1_xss_static" name="test_no_raw_business_fields_in_high_risk_html_contexts" time="0.015" /><testcase classname="tests.test_p1_xss_static" name="test_csp_has_no_unsafe_eval_and_is_centralized" time="0.000" /><testcase classname="tests.test_p1_xss_static" name="test_escape_and_dynamic_style_guards_present" time="0.000" /><testcase classname="tests.test_p2_academic_decimal" name="test_academic_scoring_models_use_numeric_not_float" time="0.000" /><testcase classname="tests.test_p2_academic_decimal" name="test_decimal_half_up_boundary_is_explicit" time="0.000" /><testcase classname="tests.test_p2_gpa_modes" name="test_gpa_mode_is_configurable_and_backwards_compatible" time="0.000" /><testcase classname="tests.test_p2_gpa_modes" name="test_decimal_percent_normalization_is_explicit" time="0.000" /><testcase classname="tests.test_p2_honor_board_engine" name="test_honor_board_filters_scores_and_assigns_tied_rank" time="0.107" /><testcase classname="tests.test_p2_honor_board_engine" name="test_honor_board_entry_history_is_unique" time="0.038" /><testcase classname="tests.test_p2_i18n" name="test_fr_en_catalogs_have_identical_keys" time="0.001" /><testcase classname="tests.test_p2_i18n" name="test_catalog_values_are_non_empty_strings" time="0.001" /><testcase classname="tests.test_p2_i18n" name="test_main_mounts_i18n_and_desktop_bundles_it" time="0.000" /><testcase classname="tests.test_p2_i18n" name="test_sigma_i18n_runtime_contract_and_locale_persistence" time="0.000" /><testcase classname="tests.test_p2_i18n" name="test_no_direct_catalog_json_in_dashboard_pages" time="0.000" /><testcase classname="tests.test_p2_observability" name="test_request_id_is_safe_and_bounded" time="0.000" /><testcase classname="tests.test_p2_observability" name="test_request_id_context_and_logs_are_correlated" time="0.000" /><testcase classname="tests.test_p2_observability" name="test_observability_does_not_expose_request_id_in_snapshot" time="0.000" /><testcase classname="tests.test_p2_p3_data_validation" name="test_student_phone_normalization_rejects_invalid_number" time="0.000" /><testcase classname="tests.test_p2_p3_data_validation" name="test_financial_decimal_boundaries_are_exact" time="0.000" /><testcase classname="tests.test_p2_p3_data_validation" name="test_gpa_mode_is_explicit_and_closed_set" time="0.010" /><testcase classname="tests.test_p2_rbac_matrix" name="test_students_sensitive_routes_have_read_or_write_permission" time="0.037" /><testcase classname="tests.test_p2_rbac_matrix" name="test_admin_read_routes_use_dedicated_permissions" time="0.005" /><testcase classname="tests.test_p2_rbac_matrix" name="test_cards_downloads_are_permission_gated" time="0.005" /><testcase classname="tests.test_p2_rbac_matrix" name="test_communication_v3_reads_are_permission_gated" time="0.003" /><testcase classname="tests.test_p2_rbac_matrix" name="test_permission_catalog_has_no_duplicate_codes" time="0.001" /><testcase classname="tests.test_p2_rbac_matrix" name="test_role_profile_permissions_exist_in_catalog" time="0.000" /><testcase classname="tests.test_p2_sms_provider" name="test_fake_provider_is_explicit_simulation" time="0.000" /><testcase classname="tests.test_p2_sms_provider" name="test_production_fake_provider_is_blocked" time="0.000" /><testcase classname="tests.test_p2_sms_provider" name="test_invalid_provider_mode_is_rejected" time="0.000" /><testcase classname="tests.test_p2_version_ci" name="test_runtime_version_is_loaded_from_release_manifest" time="0.000" /><testcase classname="tests.test_p2_version_ci" name="test_windows_ci_uses_python_313" time="0.000" /><testcase classname="tests.test_p2_version_ci" name="test_offline_registration_does_not_embed_old_hardcoded_version" time="0.000" /><testcase classname="tests.test_p2_version_ci_consistency" name="test_release_json_is_single_version_source_for_windows_ci_and_android" time="0.000" /><testcase classname="tests.test_p2_version_ci_consistency" name="test_no_active_app_version_literals_conflict_with_release" time="0.022" /><testcase classname="tests.test_qualification_backup_real" name="test_backup_temp_archive_has_zip_suffix" time="0.000" /><testcase classname="tests.test_qualification_backup_real" name="test_backup_restore_roundtrip" time="0.001" /><testcase classname="tests.test_static_integrity" name="test_required_runtime_files_exist" time="0.000" /><testcase classname="tests.test_static_integrity" name="test_commercial_packaging_is_headless" time="0.000" /><testcase classname="tests.test_student_profile" name="test_student_profile_endpoint_is_consolidated_and_school_scoped" time="0.000" /><testcase classname="tests.test_student_profile" name="test_students_ui_exposes_profile_action" time="0.000" /><testcase classname="tests.test_sync_client_v28" name="test_v28_full_sync_cycle_and_local_cache" time="0.005" /><testcase classname="tests.test_sync_client_v28" name="test_v28_network_failure_preserves_outbox" time="0.003" /><testcase classname="tests.test_sync_v17" name="test_v17_sync_models_and_router_exist" time="0.000" /><testcase classname="tests.test_sync_v17" name="test_v17_sync_has_idempotency_and_conflict_detection" time="0.000" /><testcase classname="tests.test_sync_v17" name="test_v17_sync_is_explicitly_safe_about_business_mutation" time="0.000" /><testcase classname="tests.test_sync_v17" name="test_v18_version_bumped" time="0.000" /><testcase classname="tests.test_sync_v18" name="test_v18_apply_advances_entity_version" time="0.000" /><testcase classname="tests.test_sync_v18" name="test_v18_apply_rejects_stale_operation" time="0.000" /><testcase classname="tests.test_sync_v18" name="test_v18_operation_type_validation" time="0.000" /><testcase classname="tests.test_sync_v18" name="test_v18_router_hardening_is_present" time="0.000" /><testcase classname="tests.test_sync_v18" name="test_v18_release_states_the_business_mutation_boundary" time="0.000" /><testcase classname="tests.test_sync_v19" name="test_v19_business_mutation_whitelists_student_fields" time="0.000" /><testcase classname="tests.test_sync_v19" name="test_v19_rejects_unknown_business_field" time="0.000" /><testcase classname="tests.test_sync_v19" name="test_v19_create_without_required_student_fields_is_rejected" time="0.001" /><testcase classname="tests.test_sync_v19" name="test_v19_release_exists_and_version_is_bumped" time="0.000" /><testcase classname="tests.test_sync_v20" name="test_v20_offline_student_create_assigns_server_identity" time="0.001" /><testcase classname="tests.test_sync_v20" name="test_v20_rejects_missing_student_identity_fields" time="0.000" /><testcase classname="tests.test_sync_v20" name="test_v20_create_identity_is_required_and_documented" time="0.000" /><testcase classname="tests.test_sync_v21" name="test_v21_offline_enrollment_resolves_student_client_identity" time="0.001" /><testcase classname="tests.test_sync_v21" name="test_v21_rejects_unknown_student_identity" time="0.000" /><testcase classname="tests.test_sync_v21" name="test_v21_rejects_existing_active_enrollment" time="0.000" /><testcase classname="tests.test_sync_v211_concurrency" name="test_conflict_resolution_model_and_migration" time="0.000" /><testcase classname="tests.test_sync_v213_grade_versions" name="test_grade_read_exposes_sync_version" time="0.000" /><testcase classname="tests.test_sync_v213_grade_versions" name="test_normal_grade_upsert_advances_sync_version" time="0.000" /><testcase classname="tests.test_sync_v213_grade_versions" name="test_normal_grade_transition_advances_sync_version" time="0.000" /><testcase classname="tests.test_sync_v213_grade_versions" name="test_browser_offline_flush_applies_structured_sync_operations" time="0.000" /><testcase classname="tests.test_sync_v213_grade_versions" name="test_browser_grade_queue_uses_create_or_update_with_base_version" time="0.000" /><testcase classname="tests.test_sync_v215_evaluation_result" name="test_evaluation_result_is_a_first_class_sync_entity" time="0.000" /><testcase classname="tests.test_sync_v215_evaluation_result" name="test_evaluation_result_checks_membership_and_period" time="0.000" /><testcase classname="tests.test_sync_v215_evaluation_result" name="test_evaluation_result_api_exposes_version_and_max_score" time="0.000" /><testcase classname="tests.test_sync_v215_evaluation_result" name="test_offline_evaluation_uses_evaluation_result_protocol" time="0.000" /><testcase classname="tests.test_sync_v216_convergence" name="test_two_clients_same_base_one_applies_other_conflicts" time="0.000" /><testcase classname="tests.test_sync_v216_convergence" name="test_rebased_client_can_apply_after_conflict_resolution" time="0.000" /><testcase classname="tests.test_sync_v217_data_consistency" name="test_pull_exposes_canonical_server_identity" time="0.000" /><testcase classname="tests.test_sync_v217_data_consistency" name="test_pull_resolves_client_entity_references" time="0.000" /><testcase classname="tests.test_sync_v217_data_consistency" name="test_local_read_model_has_evaluation_results_and_rejects_stale_versions" time="0.000" /><testcase classname="tests.test_sync_v217_data_consistency" name="test_pull_persists_cross_device_identity" time="0.000" /><testcase classname="tests.test_sync_v22" name="test_v22_delivery_ack_model_is_unique_per_device_operation" time="0.000" /><testcase classname="tests.test_sync_v23" name="test_v23_offline_grade_create_for_existing_assessment_and_student" time="0.001" /><testcase classname="tests.test_sync_v23" name="test_v23_offline_grade_resolves_student_client_identity" time="0.001" /><testcase classname="tests.test_sync_v23" name="test_v23_grade_rejects_student_not_enrolled_in_assessment_class" time="0.000" /><testcase classname="tests.test_sync_v23" name="test_v23_grade_rejects_duplicate_and_locked_mutation" time="0.000" /><testcase classname="tests.test_sync_v23" name="test_v23_sync_permission_routes_grade_to_academic_grades_enter" time="0.000" /><testcase classname="tests.test_sync_v23" name="test_v24_grade_transition_is_sequential_and_audited" time="0.000" /><testcase classname="tests.test_sync_v23" name="test_v24_grade_transition_rejects_skipping_state" time="0.000" /><testcase classname="tests.test_sync_v23" name="test_v24_grade_transition_rejects_closed_period" time="0.001" /><testcase classname="tests.test_sync_v23" name="test_v24_grade_update_cannot_change_state_directly" time="0.000" /><testcase classname="tests.test_sync_v25" name="test_v25_student_guardian_resolves_both_client_identities" time="0.002" /><testcase classname="tests.test_sync_v25" name="test_v25_student_guardian_rejects_unknown_identity" time="0.001" /><testcase classname="tests.test_sync_v25" name="test_v25_api_exposes_batch_and_queue_recovery" time="0.000" /><testcase classname="tests.test_sync_v25" name="test_v25_version_and_migration" time="0.000" /><testcase classname="tests.test_sync_v37" name="test_v37_sync_health_contract_and_local_state" time="0.000" /><testcase classname="tests.test_upgrade_v224" name="test_upgrade_service_contract" time="0.000" /><testcase classname="tests.test_upgrade_v224" name="test_upgrade_api_contract" time="0.000" /><testcase classname="tests.test_upgrade_v224" name="test_startup_applies_pending_upgrade_before_schema_creation" time="0.000" /><testcase classname="tests.test_upgrade_v224" name="test_installer_version_is_release_version" time="0.000" /><testcase classname="tests.test_v3_9_production" name="test_production_service_exists" time="0.000" /><testcase classname="tests.test_v3_9_production" name="test_health_endpoints_and_request_id" time="0.000" /><testcase classname="tests.test_v3_9_production" name="test_system_production_endpoints" time="0.000" /><testcase classname="tests.test_v3_cloud" name="test_cloud_layer_present" time="0.000" /><testcase classname="tests.test_v3_cloud" name="test_audit_chain_fields_and_service" time="0.000" /><testcase classname="tests.test_v3_cloud" name="test_multischool_organization_is_hardened" time="0.000" /><testcase classname="tests.test_v3_foundation" name="test_v3_models_are_registered" time="0.000" /><testcase classname="tests.test_v3_foundation" name="test_event_bus_dispatches_and_keeps_event_payload" time="0.000" /><testcase classname="tests.test_v3_insight" name="test_insight_engine_and_api_present" time="0.000" /><testcase classname="tests.test_v3_insight" name="test_insight_is_explicitly_non_diagnostic" time="0.000" /><testcase classname="tests.test_v3_pedagogy" name="test_pedagogy_clamp" time="0.000" /><testcase classname="tests.test_v428_tenant_hardening" name="test_card_api_enforces_tenant_on_reads_writes_and_downloads" time="0.000" /><testcase classname="tests.test_v428_tenant_hardening" name="test_student_configuration_endpoints_enforce_tenant" time="0.000" /><testcase classname="tests.test_v428_tenant_hardening" name="test_audit_log_listing_enforces_tenant_and_limit" time="0.000" /><testcase classname="tests.test_v429_endpoint_security" name="test_every_protected_route_has_authentication" time="0.096" /><testcase classname="tests.test_v429_endpoint_security" name="test_cards_print_and_template_mutation_are_tenant_scoped" time="0.000" /><testcase classname="tests.test_v429_endpoint_security" name="test_public_badge_verification_is_rate_limited_and_minimizes_output" time="0.000" /><testcase classname="tests.test_v429_endpoint_security" name="test_release_gate_declares_runtime_dependency_blockers" time="0.000" /><testcase classname="tests.test_v430_backup_hardening" name="test_restore_endpoint_has_upload_limit" time="0.000" /><testcase classname="tests.test_v430_backup_hardening" name="test_backup_rejects_undeclared_zip_member" time="0.002" /><testcase classname="tests.test_v430_backup_hardening" name="test_backup_rejects_duplicate_zip_member" time="0.002" /><testcase classname="tests.test_v430_backup_hardening" name="test_backup_rejects_path_traversal_in_manifest" time="0.002" /><testcase classname="tests.test_v430_backup_hardening" name="test_backup_rejects_invalid_sqlite" time="0.001" /><testcase classname="tests.test_v430_backup_hardening" name="test_restore_rejects_non_empty_target_before_mutation" time="0.003" /><testcase classname="tests.test_v431_postgres_qualification" name="test_all_registered_tables_compile_for_postgresql" time="0.014" /><testcase classname="tests.test_v431_postgres_qualification" name="test_no_application_alembic_migration_uses_sqlite_only_primitives" time="0.001" /><testcase classname="tests.test_v431_postgres_qualification" name="test_postgresql_driver_gate_is_explicit" time="0.001" /><testcase classname="tests.test_v431_postgres_qualification" name="test_concurrent_transaction_smoke_with_sqlite_fallback" time="0.010" /><testcase classname="tests.test_v432_windows_qualification" name="test_windows_installer_initializes_configuration_before_service" time="0.000" /><testcase classname="tests.test_v432_windows_qualification" name="test_windows_build_fails_closed_on_pyinstaller_failure" time="0.000" /><testcase classname="tests.test_v432_windows_qualification" name="test_windows_service_uses_programdata_for_persistent_data" time="0.000" /><testcase classname="tests.test_v432_windows_qualification" name="test_windows_service_has_stop_and_shutdown_handlers" time="0.000" /><testcase classname="tests.test_v432_windows_qualification" name="test_pyinstaller_is_headless_and_no_upx" time="0.000" /><testcase classname="tests.test_v433_automation" name="test_release_manifest" time="0.000" /><testcase classname="tests.test_v433_automation" name="test_automation_files_exist" time="0.000" /><testcase classname="tests.test_v433_automation" name="test_deployment_requires_explicit_target" time="0.000" /><testcase classname="tests.test_v434_resilience" name="test_observability_snapshot_has_latency_percentiles" time="0.000" /><testcase classname="tests.test_v434_resilience" name="test_stage_artifact_is_integrity_checked" time="0.001" /><testcase classname="tests.test_v434_resilience" name="test_stage_rejects_missing_artifact" time="0.001" /><testcase classname="tests.test_v434_resilience" name="test_deployment_guard_rejects_unsafe_filename" time="0.001" /><testcase classname="tests.test_v434_resilience" name="test_health_probe_scripts_exist" time="0.000" /><testcase classname="tests.test_v435_capacity" name="test_capacity_snapshot_contains_limits_and_pool" time="0.000" /><testcase classname="tests.test_v435_capacity" name="test_capacity_warns_on_slow_requests" time="0.000" /><testcase classname="tests.test_v436_qualification" name="test_release_is_438" time="0.000" /><testcase classname="tests.test_v436_qualification" name="test_benchmark_script_is_present_and_dependency_free" time="0.000" /><testcase classname="tests.test_v437_qualification" name="test_v438_qualification_suite_passes" time="1.256" /><testcase classname="tests.test_v437_qualification" name="test_v438_manifest_and_docs" time="0.000" /><testcase classname="tests.test_v438_sla" name="test_observed_sla_reports_api_availability" time="0.030" /><testcase classname="tests.test_v438_sla" name="test_sla_counts_high_severity_incident_minutes" time="0.030" /><testcase classname="tests.test_v438_sla" name="test_alert_thresholds_return_structured_state" time="0.026" /><testcase classname="tests.test_v439_incident_automation" name="test_alert_reconciliation_deduplicates_and_resolves" time="0.034" /><testcase classname="tests.test_v439_incident_automation" name="test_circuit_breaker_suppresses_repeated_actions" time="0.031" /><testcase classname="tests.test_v440_fleet" name="test_heartbeat_and_overview_version_drift" time="0.041" /><testcase classname="tests.test_v440_fleet" name="test_rollout_pauses_when_failure_threshold_exceeded" time="0.038" /><testcase classname="tests.test_v440_fleet" name="test_active_rollout_is_singleton" time="0.030" /><testcase classname="tests.test_v441_update_agent" name="test_manifest_validation_and_version_order" time="0.001" /><testcase classname="tests.test_v441_update_agent" name="test_download_verified_local_file" time="0.009" /><testcase classname="tests.test_v441_update_agent" name="test_download_rejects_hash_mismatch" time="0.001" /><testcase classname="tests.test_v441_update_agent" name="test_download_rejects_size_mismatch" time="0.001" /><testcase classname="tests.test_v441_update_agent" name="test_lock_serializes_updates" time="0.001" /><testcase classname="tests.test_v441_update_agent" name="test_state_is_atomic_json" time="0.001" /><testcase classname="tests.test_v441_update_agent" name="test_update_manifest_generator" time="0.622" /><testcase classname="tests.test_v442_signed_android" name="test_signed_manifest_verifies_and_tampering_is_rejected" time="0.006" /><testcase classname="tests.test_v442_signed_android" name="test_manifest_generator_can_sign" time="0.602" /><testcase classname="tests.test_v442_signed_android" name="test_android_project_security_and_build_pipeline" time="0.000" /><testcase classname="tests.test_v442_signed_android" name="test_android_release_metadata_is_current" time="0.000" /><testcase classname="tests.test_v443_android_productization" name="test_android_release_targets_and_version" time="0.000" /><testcase classname="tests.test_v443_android_productization" name="test_installer_version_include_matches_release_manifest" time="0.000" /><testcase classname="tests.test_v443_android_productization" name="test_android_bundle_build_script_supports_apk_and_aab" time="0.000" /><testcase classname="tests.test_v443_android_productization" name="test_android_security_and_deep_link_contract" time="0.000" /><testcase classname="tests.test_v443_android_productization" name="test_ci_publishes_debug_apk_and_release_aab" time="0.000" /><testcase classname="tests.test_v444_mobile_offline" name="test_release_is_v444_mobile" time="0.000" /><testcase classname="tests.test_v444_mobile_offline" name="test_android_secure_offline_queue_and_bridge" time="0.000" /><testcase classname="tests.test_v444_mobile_offline" name="test_android_native_notifications_and_network_awareness" time="0.000" /><testcase classname="tests.test_v444_mobile_offline" name="test_android_build_and_ci_release_artifact_contract" time="0.000" /><testcase classname="tests.test_v445_correction_actions" name="test_administration_ui_exposes_correction_actions" time="0.000" /><testcase classname="tests.test_v445_correction_actions" name="test_installer_is_headless_and_opens_dashboard" time="0.000" /><testcase classname="tests.test_v445_pilot" name="test_pilot_readiness_for_missing_school" time="0.035" /><testcase classname="tests.test_v445_pilot" name="test_pilot_readiness_reports_school_state" time="0.054" /><testcase classname="tests.test_v445_runtime_entrypoint" name="test_main_registers_each_router_individually" time="0.002" /><testcase classname="tests.test_v445_runtime_entrypoint" name="test_source_setup_files_are_packaged" time="0.000" /><testcase classname="tests.test_v445_runtime_entrypoint" name="test_setup_mode_is_dependency_lazy" time="0.039" /><testcase classname="tests.test_v446_ai_boundary_hardening" name="test_ai_action_links_interaction_only_within_authorized_school" time="0.000" /><testcase classname="tests.test_v446_ai_boundary_hardening" name="test_ai_action_approval_and_rejection_require_elevated_permission" time="0.000" /><testcase classname="tests.test_v446_ai_boundary_hardening" name="test_ai_knowledge_governance_requires_elevated_permission" time="0.000" /><testcase classname="tests.test_v446_ai_boundary_hardening" name="test_ai_external_prompt_explicitly_treats_sigma_context_as_non_authoritative" time="0.000" /><testcase classname="tests.test_v446_authorization_endpoints" name="test_finance_sensitive_reads_and_prints_are_permission_gated" time="0.000" /><testcase classname="tests.test_v446_authorization_endpoints" name="test_communication_sms_enforces_tenant_before_dispatch" time="0.000" /><testcase classname="tests.test_v446_authorization_endpoints" name="test_organization_mutations_require_settings_permission" time="0.000" /><testcase classname="tests.test_v446_authorization_endpoints" name="test_whatsapp_configuration_is_admin_only" time="0.000" /><testcase classname="tests.test_v446_authorization_endpoints" name="test_dashboard_stats_pdf_is_tenant_bound" time="0.000" /><testcase classname="tests.test_v446_authorization_endpoints" name="test_onboarding_bootstrap_requires_settings_permission" time="0.000" /><testcase classname="tests.test_v446_authorization_endpoints" name="test_finance_overviews_and_mobile_money_reconciliation_are_permission_gated" time="0.000" /><testcase classname="tests.test_v446_authorization_static" name="test_assessment_creation_binds_class_period_subject_to_tenant" time="0.000" /><testcase classname="tests.test_v446_authorization_static" name="test_grade_upsert_rejects_foreign_or_non_member_students" time="0.000" /><testcase classname="tests.test_v446_h2_finance_academic" name="test_finance_uses_exact_decimal_money_and_idempotency" time="0.000" /><testcase classname="tests.test_v446_h2_finance_academic" name="test_ranking_excludes_unvalidated_grades" time="0.000" /><testcase classname="tests.test_v446_h2_finance_academic" name="test_production_startup_does_not_run_create_all" time="0.000" /><testcase classname="tests.test_v446_h2_finance_academic" name="test_period_engine_filters_non_final_results_and_bulk_loads_rules" time="0.000" /><testcase classname="tests.test_v446_h2_finance_academic" name="test_finance_overview_avoids_payment_sum_n_plus_one" time="0.000" /><testcase classname="tests.test_v446_h2_finance_academic" name="test_mobile_downloads_are_app_private" time="0.000" /><testcase classname="tests.test_v446_h2_finance_academic" name="test_english_primary_supports_configurable_letter_grade_and_gpa" time="0.000" /><testcase classname="tests.test_v446_h2_finance_academic" name="test_signed_document_verification_is_wired_into_pdfs_and_public_api" time="0.000" /><testcase classname="tests.test_v446_h2_finance_academic" name="test_period_engine_real_sqlite_excludes_draft_and_maps_letter_grade_and_gpa" time="0.008" /><testcase classname="tests.test_v446_h2_finance_academic" name="test_document_verification_service_round_trip_when_jose_is_available" time="0.001" /><testcase classname="tests.test_v446_matricule_photo" name="test_matricule_is_atomic_and_configurable" time="0.038" /><testcase classname="tests.test_v446_matricule_photo" name="test_template_requires_sequence" time="0.000" /><testcase classname="tests.test_v446_matricule_photo" name="test_photo_is_normalized_to_square_and_pillow_is_required" time="0.044" /><testcase classname="tests.test_v446_mobile_ack_hardening" name="test_android_offline_queue_has_non_destructive_ack_contract" time="0.000" /><testcase classname="tests.test_v446_navigation_session" name="test_session_token_is_persisted_and_restored_between_html_navigations" time="0.000" /><testcase classname="tests.test_v446_navigation_session" name="test_boot_does_not_crash_when_optional_auth_mounts_are_missing" time="0.000" /><testcase classname="tests.test_v446_navigation_session" name="test_ai_knowledge_loads_shared_sigma_runtime" time="0.000" /><testcase classname="tests.test_v446_navigation_session" name="test_shared_navigation_contains_primary_user_workspaces" time="0.000" /><testcase classname="tests.test_v446_runtime_hardening" name="test_ai_knowledge_loads_sigma_before_boot" time="0.000" /><testcase classname="tests.test_v446_runtime_hardening" name="test_context_storage_is_resilient_and_scoped" time="0.000" /><testcase classname="tests.test_v446_runtime_hardening" name="test_offline_loader_waits_before_page_ready" time="0.000" /><testcase classname="tests.test_v446_runtime_hardening" name="test_dashboard_service_worker_cache_is_versioned_and_cleans_old_shells" time="0.000" /><testcase classname="tests.test_v446_runtime_hardening" name="test_auth_header_is_not_bearer_null" time="0.000" /><testcase classname="tests.test_v446_runtime_hardening" name="test_all_protected_boot_pages_have_standard_auth_mounts" time="0.000" /><testcase classname="tests.test_v446_runtime_hardening" name="test_shared_navigation_contains_operational_modules" time="0.000" /><testcase classname="tests.test_v446_security_static" name="test_shared_escape_html_exists" time="0.000" /><testcase classname="tests.test_v446_security_static" name="test_high_risk_pages_do_not_render_known_pii_without_escaping" time="0.000" /><testcase classname="tests.test_v446_security_static" name="test_insight_internal_links_are_constrained" time="0.000" /><testcase classname="tests.test_v446_sync_security" name="test_sync_devices_are_user_bound" time="0.000" /><testcase classname="tests.test_v446_sync_security" name="test_sync_operations_are_user_bound_for_apply_and_conflicts" time="0.000" /><testcase classname="tests.test_v446_sync_security" name="test_sync_rejects_unknown_entities_before_queueing" time="0.000" /><testcase classname="tests.test_v446_teacher_workspace_authorization" name="test_teacher_workspace_is_assignment_scoped" time="0.000" /><testcase classname="tests.test_v446_teacher_workspace_authorization" name="test_teacher_portal_roster_already_requires_assignment" time="0.000" /><testcase classname="tests.test_v447_session_and_windows_portable" name="test_dashboard_boot_restores_refresh_session_before_login_screen" time="0.000" /><testcase classname="tests.test_v447_session_and_windows_portable" name="test_windows_setup_binds_all_interfaces_for_lan_with_http_cookie_exception" time="0.000" /><testcase classname="tests.test_v447_session_and_windows_portable" name="test_installer_opens_lan_firewall_port_for_client_workstations" time="0.000" /><testcase classname="tests.test_v447_session_and_windows_portable" name="test_refresh_cookie_security_is_explicitly_configurable" time="0.000" /><testcase classname="tests.test_v447_session_and_windows_portable" name="test_windows_spec_embeds_runtime_resources" time="0.000" /><testcase classname="tests.test_v447_session_and_windows_portable" name="test_portable_build_has_runtime_smoke_test_and_hash" time="0.000" /><testcase classname="tests.test_v447_session_and_windows_portable" name="test_no_html_bytes_after_closing_document" time="0.002" /><testcase classname="tests.test_v447_session_and_windows_portable" name="test_sensitive_dashboard_pages_use_sigma_boot_and_api" time="0.000" /><testcase classname="tests.test_v448_student_integrity_static" name="test_no_duplicate_http_routes_in_students_module" time="0.009" /><testcase classname="tests.test_v448_student_integrity_static" name="test_student_status_is_whitelisted" time="0.000" /><testcase classname="tests.test_v448_student_integrity_static" name="test_class_creation_is_tenant_scoped" time="0.000" /><testcase classname="tests.test_v448_student_integrity_static" name="test_student_creation_validates_class_before_persistence" time="0.000" /><testcase classname="tests.test_v449_evaluation_bulletin_integrity_static" name="test_background_bulletin_worker_does_not_use_unbound_school_before_context_resolution" time="0.000" /><testcase classname="tests.test_v449_evaluation_bulletin_integrity_static" name="test_activities_endpoint_imports_teacher_assignment_before_filtering" time="0.000" /><testcase classname="tests.test_v449_evaluation_bulletin_integrity_static" name="test_bulletin_preview_validates_period_framework_and_optional_class" time="0.000" /><testcase classname="tests.test_v449_evaluation_bulletin_integrity_static" name="test_evaluation_module_has_no_syntax_error" time="0.010" /><testcase classname="tests.test_v450_finance_communication_integrity" name="test_fee_structure_validates_year_belongs_to_school" time="0.000" /><testcase classname="tests.test_v450_finance_communication_integrity" name="test_finance_overview_validates_requested_year_scope" time="0.000" /><testcase classname="tests.test_v450_finance_communication_integrity" name="test_mobile_money_reconcile_validates_provider_and_reference" time="0.000" /><testcase classname="tests.test_v450_finance_communication_integrity" name="test_sms_logs_require_view_permission" time="0.000" /><testcase classname="tests.test_v452_precommercial_security" name="test_system_status_requires_system_view_permission" time="0.000" /><testcase classname="tests.test_v452_precommercial_security" name="test_release_validation_upload_is_bounded" time="0.000" /><testcase classname="tests.test_v452_precommercial_security" name="test_parent_portal_scopes_attendance_and_grades_to_school" time="0.000" /><testcase classname="tests.test_v452_precommercial_security" name="test_sensitive_upload_endpoints_are_memory_bounded" time="0.000" /><testcase classname="tests.test_v452_precommercial_security" name="test_first_run_credentials_are_removed_after_password_change" time="0.000" /><testcase classname="tests.test_v452_precommercial_security" name="test_ai_status_requires_authentication" time="0.000" /><testcase classname="tests.test_v452_windows_release_integrity" name="test_installer_uses_dist_executable_and_upgrade_stops_service_before_files" time="0.000" /><testcase classname="tests.test_v452_windows_release_integrity" name="test_windows_service_reports_worker_failure_nonzero" time="0.000" /><testcase classname="tests.test_v452_windows_release_integrity" name="test_windows_build_compiles_inno_installer_by_default" time="0.000" /><testcase classname="tests.test_v453_commercial_readiness" name="test_windows_bootstrap_does_not_enable_browser_in_service_environment" time="0.000" /><testcase classname="tests.test_v453_commercial_readiness" name="test_bootstrap_secret_is_scrubbed_from_persistent_env_after_password_change" time="0.000" /><testcase classname="tests.test_v453_commercial_readiness" name="test_legal_templates_are_explicitly_reported_as_pending_in_production_posture" time="0.000" /><testcase classname="tests.test_v453_windows_secret_hardening" name="test_windows_bootstrap_secret_is_scrubbed_after_admin_creation" time="0.000" /><testcase classname="tests.test_v453_windows_secret_hardening" name="test_windows_installer_restricts_programdata_permissions" time="0.000" /><testcase classname="tests.test_v454_license_enforcement_static" name="test_subscription_service_exposes_enforcement_guards" time="0.000" /><testcase classname="tests.test_v454_license_enforcement_static" name="test_user_creation_enforces_subscription_capacity" time="0.000" /><testcase classname="tests.test_v454_license_enforcement_static" name="test_student_creation_enforces_subscription_capacity" time="0.000" /><testcase classname="tests.test_v454_license_enforcement_static" name="test_premium_features_are_gated" time="0.000" /><testcase classname="tests.test_v454_license_enforcement_static" name="test_new_trial_subscription_has_a_finite_duration" time="0.000" /><testcase classname="tests.test_v454_license_enforcement_static" name="test_subscription_state_does_not_treat_expired_trial_as_active" time="0.000" /><testcase classname="tests.test_v455_license_boundary" name="test_trial_bootstrap_imports_timedelta_before_use" time="0.000" /><testcase classname="tests.test_v455_license_boundary" name="test_bulk_student_import_enforces_capacity_before_inserts" time="0.000" /><testcase classname="tests.test_v455_license_boundary" name="test_password_reset_paths_scrub_bootstrap_secret" time="0.000" /><testcase classname="tests.test_v456_license_indirect_boundaries" name="test_sync_student_creation_is_quota_guarded" time="0.000" /><testcase classname="tests.test_v456_license_indirect_boundaries" name="test_sync_student_reactivation_is_quota_guarded" time="0.000" /><testcase classname="tests.test_v456_license_indirect_boundaries" name="test_http_student_reactivation_is_quota_guarded" time="0.000" /><testcase classname="tests.test_v456_license_indirect_boundaries" name="test_restore_preserves_live_subscription_state" time="0.000" /><testcase classname="tests.test_v456_license_indirect_boundaries" name="test_subscription_usage_validator_exists" time="0.000" /><testcase classname="tests.test_v457_commercial_control_plane_hardening" name="test_manual_payment_cannot_be_validated_by_school_user" time="0.000" /><testcase classname="tests.test_v457_commercial_control_plane_hardening" name="test_subscription_update_is_bound_to_catalogue_plan" time="0.000" /><testcase classname="tests.test_v457_commercial_control_plane_hardening" name="test_license_issue_rejects_plan_below_current_usage" time="0.000" /><testcase classname="tests.test_v457_commercial_control_plane_hardening" name="test_license_activation_rejects_expired_key" time="0.000" /><testcase classname="tests.test_v457c_license_lifecycle_live" name="test_license_issue_then_activate_lifecycle_on_real_sqlite_db" time="1.713" /><testcase classname="tests.test_v457d_first_run_admin_password" name="test_first_run_admin_has_known_password_and_forced_change_blocks_access" time="1.670"><failure message="AssertionError: stdout=&#10;  stderr=INFO  [alembic.runtime.migration] Context impl SQLiteImpl.&#10;  INFO  [alembic.runtime.migration] Will assume non-transactional DDL.&#10;  INFO  [alembic.runtime.migration] Running upgrade  -&gt; 20260913_1600, SIGMA initial schema baseline. Creates the pre-V1.7 core schema.&#10;  INFO  [alembic.runtime.migration] Running upgrade 20260913_1600 -&gt; 20260913_1700, SIGMA 1.7 — sync devices, operation journal and entity versions.&#10;  INFO  [alembic.runtime.migration] Running upgrade 20260913_1700 -&gt; 20260913_2000, SIGMA 2.0 — identités client/serveur pour créations offline.&#10;  INFO  [alembic.runtime.migration] Running upgrade 20260913_2000 -&gt; 20260913_2100, SIGMA 2.1 — synchronisation des inscriptions hors ligne.&#10;  INFO  [alembic.runtime.migration] Running upgrade 20260913_2100 -&gt; 20260913_2200, sync v2.2 delivery acknowledgements&#10;  INFO  [alembic.runtime.migration] Running upgrade 20260913_2200 -&gt; 20260913_2300, sync v2.3 academic grade protocol&#10;  INFO  [alembic.runtime.migration] Running upgrade 20260913_2300 -&gt; 20260913_2400, v2.4: synchronisation contrôlée des transitions d'état des notes.&#10;  INFO  [alembic.runtime.migration] Running upgrade 20260913_2400 -&gt; 20260913_2500, v2.5: fiabilisation de la reprise des lots de synchronisation.&#10;  INFO  [alembic.runtime.migration] Running upgrade 20260913_2500 -&gt; 20260913_2600, v2.6: traçabilité et résolution explicite des conflits de synchronisation.&#10;  INFO  [alembic.runtime.migration] Running upgrade 20260913_2600 -&gt; 20260914_3000, SIGMA V3 Foundation: notifications, push subscriptions, communication preferences.&#10;  INFO  [alembic.runtime.migration] Running upgrade 20260914_3000 -&gt; 20260914_3100, SIGMA Connect 3.1.0: campaigns, templates and delivery tracking.&#10;  INFO  [alembic.runtime.migration] Running upgrade 20260914_3100 -&gt; 20260914_3300, SIGMA V3 finance foundation&#10;  INFO  [alembic.runtime.migration] Running upgrade 20260914_3300 -&gt; 20260914_3400, SIGMA V3 documents and bulk export jobs&#10;  INFO  [alembic.runtime.migration] Running upgrade 20260914_3400 -&gt; 20260914_3500, SIGMA BADGE 3.5 lifecycle fields&#10;  INFO  [alembic.runtime.migration] Running upgrade 20260914_3500 -&gt; 20260914_3700, SIGMA V3 Cloud/Offline/Sync health state&#10;  INFO  [alembic.runtime.migration] Running upgrade 20260914_3700 -&gt; 20260914_3800, SIGMA V3.8 Cloud commercial, licence et audit chain&#10;  INFO  [alembic.runtime.migration] Running upgrade 20260914_3800 -&gt; 20260914_4000, SIGMA V4 Cloud control plane, plans and usage snapshots.&#10;  INFO  [alembic.runtime.migration] Running upgrade 20260914_4000 -&gt; 20260914_4100, SIGMA V4.1 billing and legal acceptance layer.&#10;  INFO  [alembic.runtime.migration] Running upgrade 20260914_4100 -&gt; 20260914_4200, billing automation and subscription grace controls&#10;  INFO  [alembic.runtime.migration] Running upgrade 20260914_4200 -&gt; 20260914_4300, SIGMA Intelligence foundation&#10;  INFO  [alembic.runtime.migration] Running upgrade 20260914_4300 -&gt; 20260914_4400, SIGMA AI Action Center&#10;  INFO  [alembic.runtime.migration] Running upgrade 20260914_4400 -&gt; 20260914_4500, SIGMA AI execution engine&#10;  INFO  [alembic.runtime.migration] Running upgrade 20260914_4500 -&gt; 20260915_4600, SIGMA V4.12 — base documentaire RAG institutionnelle.&#10;  INFO  [alembic.runtime.migration] Running upgrade 20260915_4600 -&gt; 20260915_4700, SIGMA V4.13 — provenance et activation des versions documentaires.&#10;  INFO  [alembic.runtime.migration] Running upgrade 20260915_4700 -&gt; 20260915_4800, SIGMA V4.14 — gouvernance documentaire et retrieval hybride.&#10;  INFO  [alembic.runtime.migration] Running upgrade 20260915_4800 -&gt; 20260915_4900, SIGMA V4.18 — onboarding établissement.&#10;  INFO  [alembic.runtime.migration] Running upgrade 20260915_4900 -&gt; 20260915_5000, SIGMA V4.19 — Control Center operations and incidents.&#10;  INFO  [alembic.runtime.migration] Running upgrade 20260915_5000 -&gt; 20260915_5100, SIGMA V4.22 — Signed payment gateway webhook inbox.&#10;  INFO  [alembic.runtime.migration] Running upgrade 20260915_5100 -&gt; 20260915_5200, SIGMA V4.25 — Token revocation versioning.&#10;  INFO  [alembic.runtime.migration] Running upgrade 20260915_5200 -&gt; 20260915_5300, SIGMA V4.40 — fleet inventory and safe rollout state.&#10;  INFO  [alembic.runtime.migration] Running upgrade 20260915_5300 -&gt; 20260916_5400, SIGMA V4.46 — password recovery and forced password change.&#10;  INFO  [alembic.runtime.migration] Running upgrade 20260916_5400 -&gt; 20260916_5500, SIGMA V4.46 — configurable student matricule sequence.&#10;  INFO  [alembic.runtime.migration] Running upgrade 20260916_5500 -&gt; 20260916_5600, SIGMA V4.46 — atomic badge numbering.&#10;  INFO  [alembic.runtime.migration] Running upgrade 20260916_5600 -&gt; 20260916_5700, Bind offline sync devices to the registering user.&#10;  INFO  [alembic.runtime.migration] Running upgrade 20260916_5700 -&gt; 20260918_5800, SIGMA V4.47 — canal de communication par défaut de l'établissement.&#10;  INFO  [alembic.runtime.migration] Running upgrade 20260918_5800 -&gt; 20260919_5900, SIGMA V4.48 — destinations cloud de sauvegarde (Google Drive, OneDrive, Dropbox).&#10;  INFO  [alembic.runtime.migration] Running upgrade 20260919_5900 -&gt; 20260920_6000, SIGMA V4.46 hardening: indexes for high-volume school workflows.&#10;  INFO  [alembic.runtime.migration] Running upgrade 20260920_6000 -&gt; 20260920_6100, SIGMA V4.46.0 H2 — exact monetary values and payment idempotency.&#10;  INFO  [alembic.runtime.migration] Running upgrade 20260920_6100 -&gt; 20260920_6200, SIGMA V4.46.0 H3 — configurable letter grades and GPA points.&#10;  INFO  [alembic.runtime.migration] Running upgrade 20260920_6200 -&gt; 20260920_6300, SIGMA P2 — authoritative RBAC catalog and read/import/export permissions.&#10;  INFO  [alembic.runtime.migration] Running upgrade 20260920_6300 -&gt; 20260920_6310, Harden honor board history with uniqueness and lookup indexes.&#10;  INFO  [alembic.runtime.migration] Running upgrade 20260920_6310 -&gt; 20260920_6320, Use NUMERIC for academic/evaluation scores, coefficients and percentages.&#10;  INFO  [alembic.runtime.migration] Running upgrade 20260920_6320 -&gt; 20260920_6330, Configurable GPA calculation mode; preserves historical overall-scale behavior.&#10;  INFO  [alembic.runtime.migration] Running upgrade 20260920_6330 -&gt; 20260920_6340, Persist honor-board scope and validation audit snapshot.&#10;  Traceback (most recent call last):&#10;    File &quot;&lt;string&gt;&quot;, line 16, in &lt;module&gt;&#10;      import seed&#10;    File &quot;/mnt/data/real_qualification/workspace/seed.py&quot;, line 31, in &lt;module&gt;&#10;      from app.core.security import hash_password&#10;    File &quot;/mnt/data/real_qualification/workspace/app/core/security.py&quot;, line 5, in &lt;module&gt;&#10;      from jose import jwt, JWTError&#10;  ModuleNotFoundError: No module named 'jose'&#10;  &#10;assert 1 == 0&#10; +  where 1 = CompletedProcess(args=['/opt/pyvenv/bin/python', '-c', '\nimport os, sys\nos.environ[&quot;DATABASE_URL&quot;] = \'sqlite:////tm...ecurity.py&quot;, line 5, in &lt;module&gt;\n    from jose import jwt, JWTError\nModuleNotFoundError: No module named \'jose\'\n').returncode">tmp_path = PosixPath('/tmp/pytest-of-root/pytest-12/test_first_run_admin_has_known0')

    def test_first_run_admin_has_known_password_and_forced_change_blocks_access(tmp_path):
        db_url = f"sqlite:///{(tmp_path / 'sigma_first_run.db').as_posix()}"
        data_dir = tmp_path / "data"
        data_dir.mkdir()
    
        script = textwrap.dedent(f"""
            import os, sys
            os.environ["DATABASE_URL"] = {db_url!r}
            os.environ["SIGMA_DATA_DIR"] = {str(data_dir)!r}
            os.environ["SECRET_KEY"] = "test-secret-first-run-0123456789"
            sys.path.insert(0, {str(ROOT)!r})
    
            from alembic.config import Config
            from alembic import command
            cfg = Config({str(ROOT / "alembic.ini")!r})
            cfg.set_main_option("script_location", {str(ROOT / "alembic")!r})
            command.upgrade(cfg, "head")
    
            # seed.run() ne doit jamais lever d'exception, y compris sur une
            # console qui ne saurait pas encoder certains caracteres.
            import seed
            seed.run()
    
            from fastapi.testclient import TestClient
            from app.main import app
            client = TestClient(app)
    
            credentials = data_dir / "first-run-credentials.txt"
            assert credentials.exists()
            report = credentials.read_text(encoding="utf-8")
    
            KNOWN_PASSWORD = next(line.split(":", 1)[1].strip() for line in report.splitlines() if line.startswith("Mot de passe :"))
    
            r = client.post("/api/auth/login", data={{"username": "admin", "password": KNOWN_PASSWORD}})
            assert r.status_code == 200, r.text
            body = r.json()
            assert body["must_change_password"] is True
            token = body["access_token"]
    
            blocked = client.get("/api/schools", headers={{"Authorization": f"Bearer {{token}}"}})
            assert blocked.status_code == 403
            assert blocked.json()["detail"] == "PASSWORD_CHANGE_REQUIRED"
    
            changed = client.post(
                "/api/auth/change-password",
                headers={{"Authorization": f"Bearer {{token}}"}},
                json={{"current_password": KNOWN_PASSWORD, "new_password": "UnAutreMotDePasseSolide987"}},
            )
            assert changed.status_code == 200, changed.text
    
            relogin = client.post("/api/auth/login", data={{"username": "admin", "password": "UnAutreMotDePasseSolide987"}})
            assert relogin.status_code == 200
            assert relogin.json()["must_change_password"] is False
            new_token = relogin.json()["access_token"]
    
            unblocked = client.get("/api/schools", headers={{"Authorization": f"Bearer {{new_token}}"}})
            assert unblocked.status_code == 200
    
            print("OK")
        """)
    
        result = subprocess.run(
            [sys.executable, "-c", script],
            cwd=str(ROOT),
            capture_output=True,
            text=True,
            timeout=120,
        )
&gt;       assert result.returncode == 0, f"stdout={result.stdout}\nstderr={result.stderr}"
E       AssertionError: stdout=
E         stderr=INFO  [alembic.runtime.migration] Context impl SQLiteImpl.
E         INFO  [alembic.runtime.migration] Will assume non-transactional DDL.
E         INFO  [alembic.runtime.migration] Running upgrade  -&gt; 20260913_1600, SIGMA initial schema baseline. Creates the pre-V1.7 core schema.
E         INFO  [alembic.runtime.migration] Running upgrade 20260913_1600 -&gt; 20260913_1700, SIGMA 1.7 — sync devices, operation journal and entity versions.
E         INFO  [alembic.runtime.migration] Running upgrade 20260913_1700 -&gt; 20260913_2000, SIGMA 2.0 — identités client/serveur pour créations offline.
E         INFO  [alembic.runtime.migration] Running upgrade 20260913_2000 -&gt; 20260913_2100, SIGMA 2.1 — synchronisation des inscriptions hors ligne.
E         INFO  [alembic.runtime.migration] Running upgrade 20260913_2100 -&gt; 20260913_2200, sync v2.2 delivery acknowledgements
E         INFO  [alembic.runtime.migration] Running upgrade 20260913_2200 -&gt; 20260913_2300, sync v2.3 academic grade protocol
E         INFO  [alembic.runtime.migration] Running upgrade 20260913_2300 -&gt; 20260913_2400, v2.4: synchronisation contrôlée des transitions d'état des notes.
E         INFO  [alembic.runtime.migration] Running upgrade 20260913_2400 -&gt; 20260913_2500, v2.5: fiabilisation de la reprise des lots de synchronisation.
E         INFO  [alembic.runtime.migration] Running upgrade 20260913_2500 -&gt; 20260913_2600, v2.6: traçabilité et résolution explicite des conflits de synchronisation.
E         INFO  [alembic.runtime.migration] Running upgrade 20260913_2600 -&gt; 20260914_3000, SIGMA V3 Foundation: notifications, push subscriptions, communication preferences.
E         INFO  [alembic.runtime.migration] Running upgrade 20260914_3000 -&gt; 20260914_3100, SIGMA Connect 3.1.0: campaigns, templates and delivery tracking.
E         INFO  [alembic.runtime.migration] Running upgrade 20260914_3100 -&gt; 20260914_3300, SIGMA V3 finance foundation
E         INFO  [alembic.runtime.migration] Running upgrade 20260914_3300 -&gt; 20260914_3400, SIGMA V3 documents and bulk export jobs
E         INFO  [alembic.runtime.migration] Running upgrade 20260914_3400 -&gt; 20260914_3500, SIGMA BADGE 3.5 lifecycle fields
E         INFO  [alembic.runtime.migration] Running upgrade 20260914_3500 -&gt; 20260914_3700, SIGMA V3 Cloud/Offline/Sync health state
E         INFO  [alembic.runtime.migration] Running upgrade 20260914_3700 -&gt; 20260914_3800, SIGMA V3.8 Cloud commercial, licence et audit chain
E         INFO  [alembic.runtime.migration] Running upgrade 20260914_3800 -&gt; 20260914_4000, SIGMA V4 Cloud control plane, plans and usage snapshots.
E         INFO  [alembic.runtime.migration] Running upgrade 20260914_4000 -&gt; 20260914_4100, SIGMA V4.1 billing and legal acceptance layer.
E         INFO  [alembic.runtime.migration] Running upgrade 20260914_4100 -&gt; 20260914_4200, billing automation and subscription grace controls
E         INFO  [alembic.runtime.migration] Running upgrade 20260914_4200 -&gt; 20260914_4300, SIGMA Intelligence foundation
E         INFO  [alembic.runtime.migration] Running upgrade 20260914_4300 -&gt; 20260914_4400, SIGMA AI Action Center
E         INFO  [alembic.runtime.migration] Running upgrade 20260914_4400 -&gt; 20260914_4500, SIGMA AI execution engine
E         INFO  [alembic.runtime.migration] Running upgrade 20260914_4500 -&gt; 20260915_4600, SIGMA V4.12 — base documentaire RAG institutionnelle.
E         INFO  [alembic.runtime.migration] Running upgrade 20260915_4600 -&gt; 20260915_4700, SIGMA V4.13 — provenance et activation des versions documentaires.
E         INFO  [alembic.runtime.migration] Running upgrade 20260915_4700 -&gt; 20260915_4800, SIGMA V4.14 — gouvernance documentaire et retrieval hybride.
E         INFO  [alembic.runtime.migration] Running upgrade 20260915_4800 -&gt; 20260915_4900, SIGMA V4.18 — onboarding établissement.
E         INFO  [alembic.runtime.migration] Running upgrade 20260915_4900 -&gt; 20260915_5000, SIGMA V4.19 — Control Center operations and incidents.
E         INFO  [alembic.runtime.migration] Running upgrade 20260915_5000 -&gt; 20260915_5100, SIGMA V4.22 — Signed payment gateway webhook inbox.
E         INFO  [alembic.runtime.migration] Running upgrade 20260915_5100 -&gt; 20260915_5200, SIGMA V4.25 — Token revocation versioning.
E         INFO  [alembic.runtime.migration] Running upgrade 20260915_5200 -&gt; 20260915_5300, SIGMA V4.40 — fleet inventory and safe rollout state.
E         INFO  [alembic.runtime.migration] Running upgrade 20260915_5300 -&gt; 20260916_5400, SIGMA V4.46 — password recovery and forced password change.
E         INFO  [alembic.runtime.migration] Running upgrade 20260916_5400 -&gt; 20260916_5500, SIGMA V4.46 — configurable student matricule sequence.
E         INFO  [alembic.runtime.migration] Running upgrade 20260916_5500 -&gt; 20260916_5600, SIGMA V4.46 — atomic badge numbering.
E         INFO  [alembic.runtime.migration] Running upgrade 20260916_5600 -&gt; 20260916_5700, Bind offline sync devices to the registering user.
E         INFO  [alembic.runtime.migration] Running upgrade 20260916_5700 -&gt; 20260918_5800, SIGMA V4.47 — canal de communication par défaut de l'établissement.
E         INFO  [alembic.runtime.migration] Running upgrade 20260918_5800 -&gt; 20260919_5900, SIGMA V4.48 — destinations cloud de sauvegarde (Google Drive, OneDrive, Dropbox).
E         INFO  [alembic.runtime.migration] Running upgrade 20260919_5900 -&gt; 20260920_6000, SIGMA V4.46 hardening: indexes for high-volume school workflows.
E         INFO  [alembic.runtime.migration] Running upgrade 20260920_6000 -&gt; 20260920_6100, SIGMA V4.46.0 H2 — exact monetary values and payment idempotency.
E         INFO  [alembic.runtime.migration] Running upgrade 20260920_6100 -&gt; 20260920_6200, SIGMA V4.46.0 H3 — configurable letter grades and GPA points.
E         INFO  [alembic.runtime.migration] Running upgrade 20260920_6200 -&gt; 20260920_6300, SIGMA P2 — authoritative RBAC catalog and read/import/export permissions.
E         INFO  [alembic.runtime.migration] Running upgrade 20260920_6300 -&gt; 20260920_6310, Harden honor board history with uniqueness and lookup indexes.
E         INFO  [alembic.runtime.migration] Running upgrade 20260920_6310 -&gt; 20260920_6320, Use NUMERIC for academic/evaluation scores, coefficients and percentages.
E         INFO  [alembic.runtime.migration] Running upgrade 20260920_6320 -&gt; 20260920_6330, Configurable GPA calculation mode; preserves historical overall-scale behavior.
E         INFO  [alembic.runtime.migration] Running upgrade 20260920_6330 -&gt; 20260920_6340, Persist honor-board scope and validation audit snapshot.
E         Traceback (most recent call last):
E           File "&lt;string&gt;", line 16, in &lt;module&gt;
E             import seed
E           File "/mnt/data/real_qualification/workspace/seed.py", line 31, in &lt;module&gt;
E             from app.core.security import hash_password
E           File "/mnt/data/real_qualification/workspace/app/core/security.py", line 5, in &lt;module&gt;
E             from jose import jwt, JWTError
E         ModuleNotFoundError: No module named 'jose'
E         
E       assert 1 == 0
E        +  where 1 = CompletedProcess(args=['/opt/pyvenv/bin/python', '-c', '\nimport os, sys\nos.environ["DATABASE_URL"] = \'sqlite:////tm...ecurity.py", line 5, in &lt;module&gt;\n    from jose import jwt, JWTError\nModuleNotFoundError: No module named \'jose\'\n').returncode

tests/test_v457d_first_run_admin_password.py:98: AssertionError</failure></testcase><testcase classname="tests.test_v458_billing_state_machine" name="test_subscription_billing_invoice_is_idempotent_per_period" time="0.000" /><testcase classname="tests.test_v458_billing_state_machine" name="test_paid_invoice_cannot_be_paid_again" time="0.000" /><testcase classname="tests.test_v458_billing_state_machine" name="test_provider_reference_cannot_be_reused_on_another_invoice" time="0.000" /><testcase classname="tests.test_v458_billing_state_machine" name="test_webhook_signature_and_event_replay_protection_remain_enabled" time="0.000" /><testcase classname="tests.test_v458_ci_platform_independence" name="test_windows_and_android_workflows_are_separate_files" time="0.000" /><testcase classname="tests.test_v458_ci_platform_independence" name="test_windows_jobs_never_depend_on_android_jobs" time="0.010" /><testcase classname="tests.test_v458_ci_platform_independence" name="test_android_jobs_never_depend_on_windows_jobs_or_python_tests" time="0.009" /><testcase classname="tests.test_v458_ci_platform_independence" name="test_each_platform_publishes_its_own_release_independently" time="0.010" /><testcase classname="tests.test_v458_ci_platform_independence" name="test_windows_installer_artifact_path_is_version_independent" time="0.005" /><testcase classname="tests.test_v459_billing_audit_and_integrity" name="test_invoice_uses_only_active_catalogue_plan" time="0.000" /><testcase classname="tests.test_v459_billing_audit_and_integrity" name="test_payment_validates_invoice_subscription_school_coherence" time="0.000" /><testcase classname="tests.test_v459_billing_audit_and_integrity" name="test_billing_mutations_are_audited" time="0.000" /><testcase classname="tests.test_v459_billing_audit_and_integrity" name="test_provider_payment_preserves_idempotence_and_actor_audit_path" time="0.000" /><testcase classname="tests.test_v460_control_plane_rbac_integrity" name="test_license_issue_never_falls_back_to_inactive_plan" time="0.000" /><testcase classname="tests.test_v460_control_plane_rbac_integrity" name="test_subscription_admin_payload_has_lifecycle_invariants" time="0.000" /><testcase classname="tests.test_v460_control_plane_rbac_integrity" name="test_reconciliation_audits_suspension_and_reactivation" time="0.000" /><testcase classname="tests.test_v461_privilege_delegation_hardening" name="test_scoped_or_delegated_permission_cannot_be_used_as_privilege_escalation" time="0.043" /><testcase classname="tests.test_v461_privilege_delegation_hardening" name="test_direct_broad_permission_can_be_granted_but_delegation_chain_cannot" time="0.039" /><testcase classname="tests.test_v462_packaging_dependencies" name="test_every_third_party_import_is_declared_in_requirements" time="0.462" /><testcase classname="tests.test_v462_packaging_dependencies" name="test_email_validator_is_declared_because_emailstr_is_used" time="0.000" /><testcase classname="tests.test_v462_packaging_dependencies" name="test_spec_builds_onedir_because_onefile_cannot_host_a_windows_service" time="0.000" /><testcase classname="tests.test_v462_packaging_dependencies" name="test_service_binpath_quotes_the_executable_path" time="0.000" /><testcase classname="tests.test_v462_packaging_dependencies" name="test_installer_parameters_use_inno_quote_doubling" time="0.000" /><testcase classname="tests.test_v462_packaging_dependencies" name="test_alembic_script_location_is_anchored_on_the_bundle" time="0.000" /><testcase classname="tests.test_v462_packaging_dependencies" name="test_frozen_build_restores_usable_std_streams" time="0.000" /><testcase classname="tests.test_v462_packaging_dependencies" name="test_bootstrap_password_announced_to_the_installer_is_the_one_actually_seeded" time="0.000" /><testcase classname="tests.test_v463_portable_lifecycle" name="test_stop_request_stops_a_running_console_server" time="1.002" /><testcase classname="tests.test_v463_portable_lifecycle" name="test_stop_reports_when_no_server_is_running" time="1.002" /><testcase classname="tests.test_v463_portable_lifecycle" name="test_console_startup_clears_a_stale_stop_request" time="0.001" /><testcase classname="tests.test_v463_portable_lifecycle" name="test_portable_package_ships_a_stop_launcher" time="0.000" /><testcase classname="tests.test_v463_portable_lifecycle" name="test_seed_never_prints_the_bootstrap_secret_from_a_frozen_build" time="0.001" /><testcase classname="tests.test_v464_launcher_encoding" name="test_powershell_scripts_declare_utf8_via_bom" time="0.000" /><testcase classname="tests.test_v464_launcher_encoding" name="test_batch_and_vbs_launchers_stay_pure_ascii" time="0.001" /><testcase classname="tests.test_v465_settings_env_list_parsing" name="test_cors_origins_accepts_plain_and_json_env_values[-expected0]" time="0.009" /><testcase classname="tests.test_v465_settings_env_list_parsing" name="test_cors_origins_accepts_plain_and_json_env_values[   -expected1]" time="0.010" /><testcase classname="tests.test_v465_settings_env_list_parsing" name="test_cors_origins_accepts_plain_and_json_env_values[http://localhost:5173,http://localhost:3000-expected2]" time="0.011" /><testcase classname="tests.test_v465_settings_env_list_parsing" name="test_cors_origins_accepts_plain_and_json_env_values[[&quot;http://localhost:5173&quot;]-expected3]" time="0.009" /><testcase classname="tests.test_v465_settings_env_list_parsing" name="test_cors_origins_defaults_when_key_absent" time="0.008" /><testcase classname="tests.test_v465_settings_env_list_parsing" name="test_allowed_photo_extensions_accepts_comma_separated_env_value" time="0.008" /><testcase classname="tests.test_v466_auth_me_email_serialization_crash" name="test_seed_does_not_invent_a_reserved_domain_email_for_admin" time="0.000" /><testcase classname="tests.test_v466_auth_me_email_serialization_crash" name="test_user_out_schema_does_not_revalidate_email_on_read" time="0.005" /><testcase classname="tests.test_v466_auth_me_email_serialization_crash" name="test_user_out_serializes_reserved_domain_email_without_crashing" time="0.000" /><testcase classname="tests.test_v467_direction_profile_student_rights" name="test_direction_profile_has_full_student_management_rights" time="0.000" /><testcase classname="tests.test_v467_direction_profile_student_rights" name="test_bootstrapped_director_can_create_students" time="0.967"><failure message="AssertionError: Traceback (most recent call last):&#10;    File &quot;&lt;string&gt;&quot;, line 2, in &lt;module&gt;&#10;      import seed&#10;    File &quot;/mnt/data/real_qualification/workspace/seed.py&quot;, line 31, in &lt;module&gt;&#10;      from app.core.security import hash_password&#10;    File &quot;/mnt/data/real_qualification/workspace/app/core/security.py&quot;, line 5, in &lt;module&gt;&#10;      from jose import jwt, JWTError&#10;  ModuleNotFoundError: No module named 'jose'&#10;  &#10;assert 1 == 0&#10; +  where 1 = CompletedProcess(args=['/opt/pyvenv/bin/python', '-c', '\nimport seed\nseed.run()\nfrom app.core.database import Sessi...ecurity.py&quot;, line 5, in &lt;module&gt;\n    from jose import jwt, JWTError\nModuleNotFoundError: No module named \'jose\'\n').returncode">tmp_path = PosixPath('/tmp/pytest-of-root/pytest-12/test_bootstrapped_director_can0')

    def test_bootstrapped_director_can_create_students(tmp_path):
        # Exécuté dans un sous-processus dédié : recharger app.models en plein
        # milieu de la suite de tests pollue le registre déclaratif partagé de
        # SQLAlchemy (deux classes User distinctes coexistent alors), ce qui
        # casse des tests plus tard dans la même suite avec une erreur de join
        # sans rapport ("Don't know how to join to..."). Un sous-processus
        # isolé évite totalement ce risque.
        import subprocess
        import sys
        import textwrap
    
        env_file = tmp_path / ".env"
        env_file.write_text(
            "ENV=production\nSECRET_KEY=test-secret\n"
            "SIGMA_INITIAL_ADMIN_PASSWORD=TestPassword123456!\n",
            encoding="utf-8",
        )
        script = textwrap.dedent(
            """
            import seed
            seed.run()
            from app.core.database import SessionLocal
            from app.services.rbac_enterprise import bootstrap_first_administrator
            from app.services.authorization import user_has_permission
            from app.models.security import User
    
            db = SessionLocal()
            director = User(
                school_id=1, username="directeur_test", email=None,
                hashed_password="x", first_name="Jean", last_name="Directeur",
                is_superadmin=False, must_change_password=True,
            )
            db.add(director)
            db.commit()
            db.refresh(director)
    
            post = bootstrap_first_administrator(db, 1, director, profile_code="direction")
            assert post is not None
            for perm in ("students.create", "students.modify", "students.archive", "students.transfer"):
                assert user_has_permission(db, director, perm), perm
            print("OK")
            """
        )
        env = {**__import__("os").environ, "SIGMA_DATA_DIR": str(tmp_path)}
        result = subprocess.run(
            [sys.executable, "-c", script],
            cwd=str(ROOT),
            env=env,
            capture_output=True,
            text=True,
            timeout=60,
        )
&gt;       assert result.returncode == 0, result.stdout + result.stderr
E       AssertionError: Traceback (most recent call last):
E           File "&lt;string&gt;", line 2, in &lt;module&gt;
E             import seed
E           File "/mnt/data/real_qualification/workspace/seed.py", line 31, in &lt;module&gt;
E             from app.core.security import hash_password
E           File "/mnt/data/real_qualification/workspace/app/core/security.py", line 5, in &lt;module&gt;
E             from jose import jwt, JWTError
E         ModuleNotFoundError: No module named 'jose'
E         
E       assert 1 == 0
E        +  where 1 = CompletedProcess(args=['/opt/pyvenv/bin/python', '-c', '\nimport seed\nseed.run()\nfrom app.core.database import Sessi...ecurity.py", line 5, in &lt;module&gt;\n    from jose import jwt, JWTError\nModuleNotFoundError: No module named \'jose\'\n').returncode

tests/test_v467_direction_profile_student_rights.py:83: AssertionError</failure></testcase><testcase classname="tests.test_v468_cloud_backup_providers" name="test_encrypt_decrypt_roundtrip" time="0.001" /><testcase classname="tests.test_v468_cloud_backup_providers" name="test_decrypt_rejects_corrupted_token" time="0.000" /><testcase classname="tests.test_v468_cloud_backup_providers" name="test_dropbox_upload_builds_expected_request" time="0.001" /><testcase classname="tests.test_v468_cloud_backup_providers" name="test_onedrive_upload_builds_expected_request" time="0.001" /><testcase classname="tests.test_v468_cloud_backup_providers" name="test_google_drive_upload_builds_expected_request" time="0.000" /><testcase classname="tests.test_v468_cloud_backup_providers" name="test_upload_to_provider_rejects_unknown_provider" time="0.000" /><testcase classname="tests.test_v468_cloud_backup_providers" name="test_upload_wraps_http_errors" time="0.000" /><testcase classname="tests.test_v468_cloud_backup_providers" name="test_sync_isolates_failures_and_never_raises" time="0.888"><failure message="AssertionError: Traceback (most recent call last):&#10;    File &quot;&lt;string&gt;&quot;, line 2, in &lt;module&gt;&#10;      import seed&#10;    File &quot;/mnt/data/real_qualification/workspace/seed.py&quot;, line 31, in &lt;module&gt;&#10;      from app.core.security import hash_password&#10;    File &quot;/mnt/data/real_qualification/workspace/app/core/security.py&quot;, line 5, in &lt;module&gt;&#10;      from jose import jwt, JWTError&#10;  ModuleNotFoundError: No module named 'jose'&#10;  &#10;assert 1 == 0&#10; +  where 1 = CompletedProcess(args=['/opt/pyvenv/bin/python', '-c', '\nimport seed\nseed.run()\nfrom pathlib import Path\nfrom app....ecurity.py&quot;, line 5, in &lt;module&gt;\n    from jose import jwt, JWTError\nModuleNotFoundError: No module named \'jose\'\n').returncode">tmp_path = PosixPath('/tmp/pytest-of-root/pytest-12/test_sync_isolates_failures_an0')
monkeypatch = &lt;_pytest.monkeypatch.MonkeyPatch object at 0x7ff2b9da69f0&gt;

    def test_sync_isolates_failures_and_never_raises(tmp_path, monkeypatch):
        """Le point le plus important : une destination cassée (jeton expiré,
        fournisseur injoignable) ne doit jamais transformer une sauvegarde
        locale déjà réussie en échec pour l'utilisateur."""
        import subprocess
        import sys
        import textwrap
        from pathlib import Path
    
        ROOT = Path(__file__).resolve().parents[1]
        env_file = tmp_path / ".env"
        env_file.write_text(
            "ENV=production\nSECRET_KEY=test-secret-key-for-cloud-backup\n",
            encoding="utf-8",
        )
        archive = tmp_path / "fake_backup.zip"
        archive.write_bytes(b"contenu factice de sauvegarde")
    
        script = textwrap.dedent(
            f"""
            import seed
            seed.run()
            from pathlib import Path
            from app.core.database import SessionLocal
            from app.models.backup_cloud import CloudBackupDestination
            from app.services.crypto import encrypt_secret
            from app.services.cloud_backup_providers import sync_backup_to_cloud_destinations
    
            db = SessionLocal()
            # Un jeton pointant vers un fournisseur inconnu garantit un échec
            # déterministe, sans jamais tenter d'appel réseau réel.
            dest = CloudBackupDestination(
                school_id=1, provider="dropbox", label="Test",
                encrypted_access_token=encrypt_secret("jeton-invalide-sans-reseau"),
                folder_path="/SIGMA", is_active=True,
            )
            db.add(dest)
            db.commit()
    
            results = sync_backup_to_cloud_destinations(db, Path({str(archive)!r}))
            assert len(results) == 1
            # On n'exige pas un statut précis (dépend du réseau du sandbox de
            # build), seulement que la fonction n'ait jamais levé d'exception.
            assert results[0]["provider"] == "dropbox"
            print("OK", results[0]["status"])
            """
        )
        env = {**__import__("os").environ, "SIGMA_DATA_DIR": str(tmp_path)}
        result = subprocess.run(
            [sys.executable, "-c", script], cwd=str(ROOT), env=env,
            capture_output=True, text=True, timeout=60,
        )
&gt;       assert result.returncode == 0, result.stdout + result.stderr
E       AssertionError: Traceback (most recent call last):
E           File "&lt;string&gt;", line 2, in &lt;module&gt;
E             import seed
E           File "/mnt/data/real_qualification/workspace/seed.py", line 31, in &lt;module&gt;
E             from app.core.security import hash_password
E           File "/mnt/data/real_qualification/workspace/app/core/security.py", line 5, in &lt;module&gt;
E             from jose import jwt, JWTError
E         ModuleNotFoundError: No module named 'jose'
E         
E       assert 1 == 0
E        +  where 1 = CompletedProcess(args=['/opt/pyvenv/bin/python', '-c', '\nimport seed\nseed.run()\nfrom pathlib import Path\nfrom app....ecurity.py", line 5, in &lt;module&gt;\n    from jose import jwt, JWTError\nModuleNotFoundError: No module named \'jose\'\n').returncode

tests/test_v468_cloud_backup_providers.py:144: AssertionError</failure></testcase><testcase classname="tests.test_v4_10_ai_execution" name="test_execution_disabled_is_safe" time="0.036" /><testcase classname="tests.test_v4_10_ai_execution" name="test_execute_report_is_idempotent" time="0.047" /><testcase classname="tests.test_v4_11_ai_control_center" name="test_control_center_counts_all_and_limits_recent" time="0.039" /><testcase classname="tests.test_v4_12_ai_knowledge" name="test_chunking_is_deterministic_and_bounded" time="0.000" /><testcase classname="tests.test_v4_12_ai_knowledge" name="test_ingest_is_idempotent_and_search_returns_citation" time="0.044" /><testcase classname="tests.test_v4_12_ai_knowledge" name="test_search_isolation_between_schools" time="0.044" /><testcase classname="tests.test_v4_12_ai_knowledge" name="test_cross_school_explicit_access_is_denied" time="0.033" /><testcase classname="tests.test_v4_12_ai_knowledge" name="test_external_provider_does_not_receive_knowledge_content_by_default" time="0.000" /><testcase classname="tests.test_v4_13_ai_multimodal_knowledge" name="test_txt_upload_extracts_provenance" time="0.000" /><testcase classname="tests.test_v4_13_ai_multimodal_knowledge" name="test_rejects_unsupported_and_oversized" time="0.000" /><testcase classname="tests.test_v4_13_ai_multimodal_knowledge" name="test_activation_isolation_and_versioning" time="0.041" /><testcase classname="tests.test_v4_14_ai_knowledge_governance" name="test_governance_publishes_one_version_and_hides_drafts" time="0.040" /><testcase classname="tests.test_v4_15_ai_trusted_answers" name="test_knowledge_search_returns_citation_and_score" time="0.035" /><testcase classname="tests.test_v4_15_ai_trusted_answers" name="test_grounded_document_question_refuses_when_no_source" time="0.039" /><testcase classname="tests.test_v4_16_rbac_enterprise" name="test_profile_catalog_is_explicit" time="0.000" /><testcase classname="tests.test_v4_16_rbac_enterprise" name="test_assign_profile_creates_post_and_membership" time="0.073" /><testcase classname="tests.test_v4_16_rbac_enterprise" name="test_cross_school_assignment_is_rejected" time="0.036" /><testcase classname="tests.test_v4_17_parent_teacher" name="test_parent_sees_only_linked_children" time="0.040" /><testcase classname="tests.test_v4_17_parent_teacher" name="test_parent_overview_is_scoped_and_safe" time="0.049" /><testcase classname="tests.test_v4_17_parent_teacher" name="test_teacher_overview_only_contains_own_assignments" time="0.042" /><testcase classname="tests.test_v4_18_onboarding" name="test_bootstrap_creates_current_year_periods_roles_subscription_and_actor_profile" time="0.078" /><testcase classname="tests.test_v4_18_onboarding" name="test_onboarding_state_is_created_without_marking_complete" time="0.036" /><testcase classname="tests.test_v4_19_control_center" name="test_incident_lifecycle" time="0.034" /><testcase classname="tests.test_v4_19_control_center" name="test_snapshot_and_control_center" time="0.068" /><testcase classname="tests.test_v4_1_billing_legal" name="test_v41_models_and_migration_present" time="0.000" /><testcase classname="tests.test_v4_1_billing_legal" name="test_legal_documents_are_versioned_and_hashed" time="0.001" /><testcase classname="tests.test_v4_1_billing_legal" name="test_legal_documents_contain_required_contract_sections" time="0.000" /><testcase classname="tests.test_v4_1_billing_legal" name="test_billing_service_has_invoice_and_payment_controls" time="0.000" /><testcase classname="tests.test_v4_1_billing_legal" name="test_legal_and_billing_routes_registered" time="0.000" /><testcase classname="tests.test_v4_21_performance" name="test_observability_records_and_summarizes_requests" time="0.000" /><testcase classname="tests.test_v4_22_payment_gateway" name="test_v422_signed_webhook_verification" time="0.000" /><testcase classname="tests.test_v4_22_payment_gateway" name="test_v422_empty_secret_disables_webhook_signature" time="0.000" /><testcase classname="tests.test_v4_22_payment_gateway" name="test_v422_payment_gateway_model_and_migration_present" time="0.000" /><testcase classname="tests.test_v4_22_payment_gateway" name="test_v422_webhook_api_is_public_but_signature_protected" time="0.000" /><testcase classname="tests.test_v4_22_payment_gateway" name="test_v422_billing_uses_external_event_id_for_idempotence" time="0.000" /><testcase classname="tests.test_v4_23_mobile" name="test_parent_mobile_summary_is_compact_and_scoped" time="0.044" /><testcase classname="tests.test_v4_23_mobile" name="test_parent_invoices_only_for_linked_child" time="0.040" /><testcase classname="tests.test_v4_23_mobile" name="test_teacher_roster_only_for_assigned_class" time="0.041" /><testcase classname="tests.test_v4_24_security_hardening" name="test_authorization_rejects_cross_tenant_post_assignment" time="0.035" /><testcase classname="tests.test_v4_24_security_hardening" name="test_authorization_rejects_cross_tenant_delegation" time="0.038" /><testcase classname="tests.test_v4_24_security_hardening" name="test_resolve_incident_checks_tenant_before_mutation" time="0.034" /><testcase classname="tests.test_v4_24_security_hardening" name="test_rate_limiter_blocks_after_limit" time="0.000" /><testcase classname="tests.test_v4_25_security" name="test_refresh_rejects_malformed_subject" time="0.288" /><testcase classname="tests.test_v4_25_security" name="test_token_version_revokes_access_token" time="0.034" /><testcase classname="tests.test_v4_25_security" name="test_cross_tenant_student_mutations_are_denied" time="0.033" /><testcase classname="tests.test_v4_25_security" name="test_cross_tenant_class_listing_is_denied" time="0.037" /><testcase classname="tests.test_v4_25_security" name="test_enrollment_rejects_cross_tenant_student_or_class" time="0.036" /><testcase classname="tests.test_v4_25_security" name="test_cross_tenant_academic_reads_are_denied" time="0.036" /><testcase classname="tests.test_v4_25_security" name="test_cross_tenant_report_card_publish_is_denied" time="0.037" /><testcase classname="tests.test_v4_25_security" name="test_cross_tenant_finance_receipt_is_denied" time="0.037" /><testcase classname="tests.test_v4_25_security" name="test_media_path_traversal_is_rejected" time="0.001" /><testcase classname="tests.test_v4_2_billing_automation" name="test_v42_billing_automation_controls_present" time="0.000" /><testcase classname="tests.test_v4_2_billing_automation" name="test_v42_payment_extends_subscription_on_full_payment" time="0.000" /><testcase classname="tests.test_v4_4_operations" name="test_operations_overview_has_core_sections" time="0.006" /><testcase classname="tests.test_v4_4_operations" name="test_prune_backups_keeps_configured_count" time="0.005" /><testcase classname="tests.test_v4_4_operations" name="test_release_package_validation" time="0.001" /><testcase classname="tests.test_v4_7_ai" name="test_ai_intents_are_deterministic" time="0.000" /><testcase classname="tests.test_v4_7_ai" name="test_external_provider_redacts_direct_identifiers" time="0.000" /><testcase classname="tests.test_v4_7_ai" name="test_ai_status_disabled_by_default" time="0.000" /><testcase classname="tests.test_v4_7_ai" name="test_v48_status_exposes_read_only_specialized_tools" time="0.000" /><testcase classname="tests.test_v4_7_ai" name="test_v48_external_redaction_removes_sensitive_student_fields_recursively" time="0.000" /><testcase classname="tests.test_v4_9_ai_actions" name="test_v49_allowed_action_types_are_write_gate_candidates_only" time="0.000" /><testcase classname="tests.test_v4_9_ai_actions" name="test_v49_expiration_changes_only_proposed_actions" time="0.000" /><testcase classname="tests.test_v4_9_ai_actions" name="test_v49_approved_action_is_not_expired" time="0.000" /><testcase classname="tests.test_v4_cloud_control_plane" name="test_v4_control_plane_layer_present" time="0.000" /><testcase classname="tests.test_v4_cloud_control_plane" name="test_v4_migration_exists_and_follows_cloud_commercial" time="0.000" /><testcase classname="tests.test_v4_cloud_control_plane" name="test_v4_plan_catalog_contains_commercial_offers" time="0.001" /></testsuite></testsuites>